[2024-03-03T03:04:42.529+0530] {taskinstance.py:1979} INFO - Dependencies all met for dep_context=non-requeueable deps ti=<TaskInstance: weather_data_pipeline.compute_averages manual__2024-03-02T19:24:10.303999+00:00 [queued]>
[2024-03-03T03:04:42.531+0530] {taskinstance.py:1979} INFO - Dependencies all met for dep_context=requeueable deps ti=<TaskInstance: weather_data_pipeline.compute_averages manual__2024-03-02T19:24:10.303999+00:00 [queued]>
[2024-03-03T03:04:42.531+0530] {taskinstance.py:2193} INFO - Starting attempt 37 of 37
[2024-03-03T03:04:42.535+0530] {taskinstance.py:2214} INFO - Executing <Task(PythonOperator): compute_averages> on 2024-03-02 19:24:10.303999+00:00
[2024-03-03T03:04:42.538+0530] {standard_task_runner.py:60} INFO - Started process 37456 to run task
[2024-03-03T03:04:42.541+0530] {standard_task_runner.py:87} INFO - Running: ['airflow', 'tasks', 'run', 'weather_data_pipeline', 'compute_averages', 'manual__2024-03-02T19:24:10.303999+00:00', '--job-id', '410', '--raw', '--subdir', 'DAGS_FOLDER/Data_analysis.py', '--cfg-path', '/var/folders/th/tnjyp6yd1cj78nysn5t4jl6h0000gn/T/tmpget0l1wm']
[2024-03-03T03:04:42.542+0530] {standard_task_runner.py:88} INFO - Job 410: Subtask compute_averages
[2024-03-03T03:04:42.562+0530] {task_command.py:423} INFO - Running <TaskInstance: weather_data_pipeline.compute_averages manual__2024-03-02T19:24:10.303999+00:00 [running]> on host aniks-macbook-air.local
[2024-03-03T03:04:42.584+0530] {taskinstance.py:2510} INFO - Exporting env vars: AIRFLOW_CTX_DAG_OWNER='airflow' AIRFLOW_CTX_DAG_ID='weather_data_pipeline' AIRFLOW_CTX_TASK_ID='compute_averages' AIRFLOW_CTX_EXECUTION_DATE='2024-03-02T19:24:10.303999+00:00' AIRFLOW_CTX_TRY_NUMBER='37' AIRFLOW_CTX_DAG_RUN_ID='manual__2024-03-02T19:24:10.303999+00:00'
[2024-03-03T03:04:42.585+0530] {pipeline.py:196} INFO - Missing pipeline option (runner). Executing pipeline using the default runner: DirectRunner.
[2024-03-03T03:04:42.672+0530] {translations.py:712} INFO - ==================== <function annotate_downstream_side_inputs at 0x12f8f71a0> ====================
[2024-03-03T03:04:42.673+0530] {translations.py:712} INFO - ==================== <function fix_side_input_pcoll_coders at 0x12f8f72e0> ====================
[2024-03-03T03:04:42.673+0530] {translations.py:712} INFO - ==================== <function pack_combiners at 0x12f8f7880> ====================
[2024-03-03T03:04:42.673+0530] {translations.py:712} INFO - ==================== <function lift_combiners at 0x12f8f7920> ====================
[2024-03-03T03:04:42.673+0530] {translations.py:712} INFO - ==================== <function expand_sdf at 0x12f8f7b00> ====================
[2024-03-03T03:04:42.673+0530] {translations.py:712} INFO - ==================== <function expand_gbk at 0x12f8f7ba0> ====================
[2024-03-03T03:04:42.673+0530] {translations.py:712} INFO - ==================== <function sink_flattens at 0x12f8f7ce0> ====================
[2024-03-03T03:04:42.674+0530] {translations.py:712} INFO - ==================== <function greedily_fuse at 0x12f8f7d80> ====================
[2024-03-03T03:04:42.674+0530] {translations.py:712} INFO - ==================== <function read_to_impulse at 0x12f8f7e20> ====================
[2024-03-03T03:04:42.674+0530] {translations.py:712} INFO - ==================== <function impulse_to_input at 0x12f8f7ec0> ====================
[2024-03-03T03:04:42.674+0530] {translations.py:712} INFO - ==================== <function sort_stages at 0x12f8fc180> ====================
[2024-03-03T03:04:42.674+0530] {translations.py:712} INFO - ==================== <function add_impulse_to_dangling_transforms at 0x12f8fc2c0> ====================
[2024-03-03T03:04:42.674+0530] {translations.py:712} INFO - ==================== <function setup_timer_mapping at 0x12f8fc0e0> ====================
[2024-03-03T03:04:42.674+0530] {translations.py:712} INFO - ==================== <function populate_data_channel_coders at 0x12f8fc220> ====================
[2024-03-03T03:04:42.675+0530] {statecache.py:234} INFO - Creating state cache with size 104857600
[2024-03-03T03:04:42.676+0530] {worker_handlers.py:922} INFO - Created Worker handler <apache_beam.runners.portability.fn_api_runner.worker_handlers.EmbeddedWorkerHandler object at 0x12fc6d490> for environment ref_Environment_default_environment_1 (beam:env:embedded_python:v1, b'')
[2024-03-03T03:04:42.698+0530] {bundle_processor.py:237} ERROR - agg function failed [how->mean,dtype->object] [while running 'Mean']
Traceback (most recent call last):
  File "/Users/anikbhowmick/Python/Big_Data_Assignment/A02/airflow_env/lib/python3.11/site-packages/pandas/core/groupby/groupby.py", line 1942, in _agg_py_fallback
    res_values = self._grouper.agg_series(ser, alt, preserve_dtype=True)
                 ^^^^^^^^^^^^^^^^^^^^^^^^^^^^^^^^^^^^^^^^^^^^^^^^^^^^^^^
  File "/Users/anikbhowmick/Python/Big_Data_Assignment/A02/airflow_env/lib/python3.11/site-packages/pandas/core/groupby/ops.py", line 864, in agg_series
    result = self._aggregate_series_pure_python(obj, func)
             ^^^^^^^^^^^^^^^^^^^^^^^^^^^^^^^^^^^^^^^^^^^^^
  File "/Users/anikbhowmick/Python/Big_Data_Assignment/A02/airflow_env/lib/python3.11/site-packages/pandas/core/groupby/ops.py", line 885, in _aggregate_series_pure_python
    res = func(group)
          ^^^^^^^^^^^
  File "/Users/anikbhowmick/Python/Big_Data_Assignment/A02/airflow_env/lib/python3.11/site-packages/pandas/core/groupby/groupby.py", line 2454, in <lambda>
    alt=lambda x: Series(x, copy=False).mean(numeric_only=numeric_only),
                  ^^^^^^^^^^^^^^^^^^^^^^^^^^^^^^^^^^^^^^^^^^^^^^^^^^^^^
  File "/Users/anikbhowmick/Python/Big_Data_Assignment/A02/airflow_env/lib/python3.11/site-packages/pandas/core/series.py", line 6540, in mean
    return NDFrame.mean(self, axis, skipna, numeric_only, **kwargs)
           ^^^^^^^^^^^^^^^^^^^^^^^^^^^^^^^^^^^^^^^^^^^^^^^^^^^^^^^^
  File "/Users/anikbhowmick/Python/Big_Data_Assignment/A02/airflow_env/lib/python3.11/site-packages/pandas/core/generic.py", line 12417, in mean
    return self._stat_function(
           ^^^^^^^^^^^^^^^^^^^^
  File "/Users/anikbhowmick/Python/Big_Data_Assignment/A02/airflow_env/lib/python3.11/site-packages/pandas/core/generic.py", line 12374, in _stat_function
    return self._reduce(
           ^^^^^^^^^^^^^
  File "/Users/anikbhowmick/Python/Big_Data_Assignment/A02/airflow_env/lib/python3.11/site-packages/pandas/core/series.py", line 6448, in _reduce
    return op(delegate, skipna=skipna, **kwds)
           ^^^^^^^^^^^^^^^^^^^^^^^^^^^^^^^^^^^
  File "/Users/anikbhowmick/Python/Big_Data_Assignment/A02/airflow_env/lib/python3.11/site-packages/pandas/core/nanops.py", line 147, in f
    result = alt(values, axis=axis, skipna=skipna, **kwds)
             ^^^^^^^^^^^^^^^^^^^^^^^^^^^^^^^^^^^^^^^^^^^^^
  File "/Users/anikbhowmick/Python/Big_Data_Assignment/A02/airflow_env/lib/python3.11/site-packages/pandas/core/nanops.py", line 404, in new_func
    result = func(values, axis=axis, skipna=skipna, mask=mask, **kwargs)
             ^^^^^^^^^^^^^^^^^^^^^^^^^^^^^^^^^^^^^^^^^^^^^^^^^^^^^^^^^^^
  File "/Users/anikbhowmick/Python/Big_Data_Assignment/A02/airflow_env/lib/python3.11/site-packages/pandas/core/nanops.py", line 719, in nanmean
    the_sum = values.sum(axis, dtype=dtype_sum)
              ^^^^^^^^^^^^^^^^^^^^^^^^^^^^^^^^^
  File "/Users/anikbhowmick/Python/Big_Data_Assignment/A02/airflow_env/lib/python3.11/site-packages/numpy/core/_methods.py", line 49, in _sum
    return umr_sum(a, axis, dtype, out, keepdims, initial, where)
           ^^^^^^^^^^^^^^^^^^^^^^^^^^^^^^^^^^^^^^^^^^^^^^^^^^^^^^
TypeError: can only concatenate str (not "int") to str

The above exception was the direct cause of the following exception:

Traceback (most recent call last):
  File "apache_beam/runners/common.py", line 1435, in apache_beam.runners.common.DoFnRunner.process
  File "apache_beam/runners/common.py", line 637, in apache_beam.runners.common.SimpleInvoker.invoke_process
  File "/Users/anikbhowmick/Python/Big_Data_Assignment/A02/airflow_env/lib/python3.11/site-packages/apache_beam/transforms/core.py", line 1963, in <lambda>
    wrapper = lambda x: [fn(x)]
                         ^^^^^
  File "/Users/anikbhowmick/Python/Big_Data_Assignment/A02/airflow_env/airflow/dags/Data_analysis.py", line 81, in <lambda>
    | 'Mean' >> beam.Map(lambda file: file[1].groupby('DATE').mean())
                                      ^^^^^^^^^^^^^^^^^^^^^^^^^^^^^^
  File "/Users/anikbhowmick/Python/Big_Data_Assignment/A02/airflow_env/lib/python3.11/site-packages/pandas/core/groupby/groupby.py", line 2452, in mean
    result = self._cython_agg_general(
             ^^^^^^^^^^^^^^^^^^^^^^^^^
  File "/Users/anikbhowmick/Python/Big_Data_Assignment/A02/airflow_env/lib/python3.11/site-packages/pandas/core/groupby/groupby.py", line 1998, in _cython_agg_general
    new_mgr = data.grouped_reduce(array_func)
              ^^^^^^^^^^^^^^^^^^^^^^^^^^^^^^^
  File "/Users/anikbhowmick/Python/Big_Data_Assignment/A02/airflow_env/lib/python3.11/site-packages/pandas/core/internals/managers.py", line 1469, in grouped_reduce
    applied = sb.apply(func)
              ^^^^^^^^^^^^^^
  File "/Users/anikbhowmick/Python/Big_Data_Assignment/A02/airflow_env/lib/python3.11/site-packages/pandas/core/internals/blocks.py", line 393, in apply
    result = func(self.values, **kwargs)
             ^^^^^^^^^^^^^^^^^^^^^^^^^^^
  File "/Users/anikbhowmick/Python/Big_Data_Assignment/A02/airflow_env/lib/python3.11/site-packages/pandas/core/groupby/groupby.py", line 1995, in array_func
    result = self._agg_py_fallback(how, values, ndim=data.ndim, alt=alt)
             ^^^^^^^^^^^^^^^^^^^^^^^^^^^^^^^^^^^^^^^^^^^^^^^^^^^^^^^^^^^
  File "/Users/anikbhowmick/Python/Big_Data_Assignment/A02/airflow_env/lib/python3.11/site-packages/pandas/core/groupby/groupby.py", line 1946, in _agg_py_fallback
    raise type(err)(msg) from err
TypeError: agg function failed [how->mean,dtype->object]
[2024-03-03T03:04:42.712+0530] {taskinstance.py:2728} ERROR - Task failed with exception
Traceback (most recent call last):
  File "/Users/anikbhowmick/Python/Big_Data_Assignment/A02/airflow_env/lib/python3.11/site-packages/pandas/core/groupby/groupby.py", line 1942, in _agg_py_fallback
    res_values = self._grouper.agg_series(ser, alt, preserve_dtype=True)
                 ^^^^^^^^^^^^^^^^^^^^^^^^^^^^^^^^^^^^^^^^^^^^^^^^^^^^^^^
  File "/Users/anikbhowmick/Python/Big_Data_Assignment/A02/airflow_env/lib/python3.11/site-packages/pandas/core/groupby/ops.py", line 864, in agg_series
    result = self._aggregate_series_pure_python(obj, func)
             ^^^^^^^^^^^^^^^^^^^^^^^^^^^^^^^^^^^^^^^^^^^^^
  File "/Users/anikbhowmick/Python/Big_Data_Assignment/A02/airflow_env/lib/python3.11/site-packages/pandas/core/groupby/ops.py", line 885, in _aggregate_series_pure_python
    res = func(group)
          ^^^^^^^^^^^
  File "/Users/anikbhowmick/Python/Big_Data_Assignment/A02/airflow_env/lib/python3.11/site-packages/pandas/core/groupby/groupby.py", line 2454, in <lambda>
    alt=lambda x: Series(x, copy=False).mean(numeric_only=numeric_only),
                  ^^^^^^^^^^^^^^^^^^^^^^^^^^^^^^^^^^^^^^^^^^^^^^^^^^^^^
  File "/Users/anikbhowmick/Python/Big_Data_Assignment/A02/airflow_env/lib/python3.11/site-packages/pandas/core/series.py", line 6540, in mean
    return NDFrame.mean(self, axis, skipna, numeric_only, **kwargs)
           ^^^^^^^^^^^^^^^^^^^^^^^^^^^^^^^^^^^^^^^^^^^^^^^^^^^^^^^^
  File "/Users/anikbhowmick/Python/Big_Data_Assignment/A02/airflow_env/lib/python3.11/site-packages/pandas/core/generic.py", line 12417, in mean
    return self._stat_function(
           ^^^^^^^^^^^^^^^^^^^^
  File "/Users/anikbhowmick/Python/Big_Data_Assignment/A02/airflow_env/lib/python3.11/site-packages/pandas/core/generic.py", line 12374, in _stat_function
    return self._reduce(
           ^^^^^^^^^^^^^
  File "/Users/anikbhowmick/Python/Big_Data_Assignment/A02/airflow_env/lib/python3.11/site-packages/pandas/core/series.py", line 6448, in _reduce
    return op(delegate, skipna=skipna, **kwds)
           ^^^^^^^^^^^^^^^^^^^^^^^^^^^^^^^^^^^
  File "/Users/anikbhowmick/Python/Big_Data_Assignment/A02/airflow_env/lib/python3.11/site-packages/pandas/core/nanops.py", line 147, in f
    result = alt(values, axis=axis, skipna=skipna, **kwds)
             ^^^^^^^^^^^^^^^^^^^^^^^^^^^^^^^^^^^^^^^^^^^^^
  File "/Users/anikbhowmick/Python/Big_Data_Assignment/A02/airflow_env/lib/python3.11/site-packages/pandas/core/nanops.py", line 404, in new_func
    result = func(values, axis=axis, skipna=skipna, mask=mask, **kwargs)
             ^^^^^^^^^^^^^^^^^^^^^^^^^^^^^^^^^^^^^^^^^^^^^^^^^^^^^^^^^^^
  File "/Users/anikbhowmick/Python/Big_Data_Assignment/A02/airflow_env/lib/python3.11/site-packages/pandas/core/nanops.py", line 719, in nanmean
    the_sum = values.sum(axis, dtype=dtype_sum)
              ^^^^^^^^^^^^^^^^^^^^^^^^^^^^^^^^^
  File "/Users/anikbhowmick/Python/Big_Data_Assignment/A02/airflow_env/lib/python3.11/site-packages/numpy/core/_methods.py", line 49, in _sum
    return umr_sum(a, axis, dtype, out, keepdims, initial, where)
           ^^^^^^^^^^^^^^^^^^^^^^^^^^^^^^^^^^^^^^^^^^^^^^^^^^^^^^
TypeError: can only concatenate str (not "int") to str

The above exception was the direct cause of the following exception:

Traceback (most recent call last):
  File "apache_beam/runners/common.py", line 1435, in apache_beam.runners.common.DoFnRunner.process
  File "apache_beam/runners/common.py", line 637, in apache_beam.runners.common.SimpleInvoker.invoke_process
  File "/Users/anikbhowmick/Python/Big_Data_Assignment/A02/airflow_env/lib/python3.11/site-packages/apache_beam/transforms/core.py", line 1963, in <lambda>
    wrapper = lambda x: [fn(x)]
                         ^^^^^
  File "/Users/anikbhowmick/Python/Big_Data_Assignment/A02/airflow_env/airflow/dags/Data_analysis.py", line 81, in <lambda>
    | 'Mean' >> beam.Map(lambda file: file[1].groupby('DATE').mean())
                                      ^^^^^^^^^^^^^^^^^^^^^^^^^^^^^^
  File "/Users/anikbhowmick/Python/Big_Data_Assignment/A02/airflow_env/lib/python3.11/site-packages/pandas/core/groupby/groupby.py", line 2452, in mean
    result = self._cython_agg_general(
             ^^^^^^^^^^^^^^^^^^^^^^^^^
  File "/Users/anikbhowmick/Python/Big_Data_Assignment/A02/airflow_env/lib/python3.11/site-packages/pandas/core/groupby/groupby.py", line 1998, in _cython_agg_general
    new_mgr = data.grouped_reduce(array_func)
              ^^^^^^^^^^^^^^^^^^^^^^^^^^^^^^^
  File "/Users/anikbhowmick/Python/Big_Data_Assignment/A02/airflow_env/lib/python3.11/site-packages/pandas/core/internals/managers.py", line 1469, in grouped_reduce
    applied = sb.apply(func)
              ^^^^^^^^^^^^^^
  File "/Users/anikbhowmick/Python/Big_Data_Assignment/A02/airflow_env/lib/python3.11/site-packages/pandas/core/internals/blocks.py", line 393, in apply
    result = func(self.values, **kwargs)
             ^^^^^^^^^^^^^^^^^^^^^^^^^^^
  File "/Users/anikbhowmick/Python/Big_Data_Assignment/A02/airflow_env/lib/python3.11/site-packages/pandas/core/groupby/groupby.py", line 1995, in array_func
    result = self._agg_py_fallback(how, values, ndim=data.ndim, alt=alt)
             ^^^^^^^^^^^^^^^^^^^^^^^^^^^^^^^^^^^^^^^^^^^^^^^^^^^^^^^^^^^
  File "/Users/anikbhowmick/Python/Big_Data_Assignment/A02/airflow_env/lib/python3.11/site-packages/pandas/core/groupby/groupby.py", line 1946, in _agg_py_fallback
    raise type(err)(msg) from err
TypeError: agg function failed [how->mean,dtype->object]

During handling of the above exception, another exception occurred:

Traceback (most recent call last):
  File "/Users/anikbhowmick/Python/Big_Data_Assignment/A02/airflow_env/lib/python3.11/site-packages/airflow/models/taskinstance.py", line 444, in _execute_task
    result = _execute_callable(context=context, **execute_callable_kwargs)
             ^^^^^^^^^^^^^^^^^^^^^^^^^^^^^^^^^^^^^^^^^^^^^^^^^^^^^^^^^^^^^
  File "/Users/anikbhowmick/Python/Big_Data_Assignment/A02/airflow_env/lib/python3.11/site-packages/airflow/models/taskinstance.py", line 414, in _execute_callable
    return execute_callable(context=context, **execute_callable_kwargs)
           ^^^^^^^^^^^^^^^^^^^^^^^^^^^^^^^^^^^^^^^^^^^^^^^^^^^^^^^^^^^^
  File "/Users/anikbhowmick/Python/Big_Data_Assignment/A02/airflow_env/lib/python3.11/site-packages/airflow/operators/python.py", line 200, in execute
    return_value = self.execute_callable()
                   ^^^^^^^^^^^^^^^^^^^^^^^
  File "/Users/anikbhowmick/Python/Big_Data_Assignment/A02/airflow_env/lib/python3.11/site-packages/airflow/operators/python.py", line 217, in execute_callable
    return self.python_callable(*self.op_args, **self.op_kwargs)
           ^^^^^^^^^^^^^^^^^^^^^^^^^^^^^^^^^^^^^^^^^^^^^^^^^^^^^
  File "/Users/anikbhowmick/Python/Big_Data_Assignment/A02/airflow_env/airflow/dags/Data_analysis.py", line 76, in compute_monthly_averages
    with beam.Pipeline() as p:
  File "/Users/anikbhowmick/Python/Big_Data_Assignment/A02/airflow_env/lib/python3.11/site-packages/apache_beam/pipeline.py", line 612, in __exit__
    self.result = self.run()
                  ^^^^^^^^^^
  File "/Users/anikbhowmick/Python/Big_Data_Assignment/A02/airflow_env/lib/python3.11/site-packages/apache_beam/pipeline.py", line 586, in run
    return self.runner.run_pipeline(self, self._options)
           ^^^^^^^^^^^^^^^^^^^^^^^^^^^^^^^^^^^^^^^^^^^^^
  File "/Users/anikbhowmick/Python/Big_Data_Assignment/A02/airflow_env/lib/python3.11/site-packages/apache_beam/runners/direct/direct_runner.py", line 128, in run_pipeline
    return runner.run_pipeline(pipeline, options)
           ^^^^^^^^^^^^^^^^^^^^^^^^^^^^^^^^^^^^^^
  File "/Users/anikbhowmick/Python/Big_Data_Assignment/A02/airflow_env/lib/python3.11/site-packages/apache_beam/runners/portability/fn_api_runner/fn_runner.py", line 202, in run_pipeline
    self._latest_run_result = self.run_via_runner_api(
                              ^^^^^^^^^^^^^^^^^^^^^^^^
  File "/Users/anikbhowmick/Python/Big_Data_Assignment/A02/airflow_env/lib/python3.11/site-packages/apache_beam/runners/portability/fn_api_runner/fn_runner.py", line 224, in run_via_runner_api
    return self.run_stages(stage_context, stages)
           ^^^^^^^^^^^^^^^^^^^^^^^^^^^^^^^^^^^^^^
  File "/Users/anikbhowmick/Python/Big_Data_Assignment/A02/airflow_env/lib/python3.11/site-packages/apache_beam/runners/portability/fn_api_runner/fn_runner.py", line 466, in run_stages
    bundle_results = self._execute_bundle(
                     ^^^^^^^^^^^^^^^^^^^^^
  File "/Users/anikbhowmick/Python/Big_Data_Assignment/A02/airflow_env/lib/python3.11/site-packages/apache_beam/runners/portability/fn_api_runner/fn_runner.py", line 794, in _execute_bundle
    self._run_bundle(
  File "/Users/anikbhowmick/Python/Big_Data_Assignment/A02/airflow_env/lib/python3.11/site-packages/apache_beam/runners/portability/fn_api_runner/fn_runner.py", line 1031, in _run_bundle
    result, splits = bundle_manager.process_bundle(
                     ^^^^^^^^^^^^^^^^^^^^^^^^^^^^^^
  File "/Users/anikbhowmick/Python/Big_Data_Assignment/A02/airflow_env/lib/python3.11/site-packages/apache_beam/runners/portability/fn_api_runner/fn_runner.py", line 1367, in process_bundle
    result_future = self._worker_handler.control_conn.push(process_bundle_req)
                    ^^^^^^^^^^^^^^^^^^^^^^^^^^^^^^^^^^^^^^^^^^^^^^^^^^^^^^^^^^
  File "/Users/anikbhowmick/Python/Big_Data_Assignment/A02/airflow_env/lib/python3.11/site-packages/apache_beam/runners/portability/fn_api_runner/worker_handlers.py", line 384, in push
    response = self.worker.do_instruction(request)
               ^^^^^^^^^^^^^^^^^^^^^^^^^^^^^^^^^^^
  File "/Users/anikbhowmick/Python/Big_Data_Assignment/A02/airflow_env/lib/python3.11/site-packages/apache_beam/runners/worker/sdk_worker.py", line 650, in do_instruction
    return getattr(self, request_type)(
           ^^^^^^^^^^^^^^^^^^^^^^^^^^^^
  File "/Users/anikbhowmick/Python/Big_Data_Assignment/A02/airflow_env/lib/python3.11/site-packages/apache_beam/runners/worker/sdk_worker.py", line 688, in process_bundle
    bundle_processor.process_bundle(instruction_id))
    ^^^^^^^^^^^^^^^^^^^^^^^^^^^^^^^^^^^^^^^^^^^^^^^
  File "/Users/anikbhowmick/Python/Big_Data_Assignment/A02/airflow_env/lib/python3.11/site-packages/apache_beam/runners/worker/bundle_processor.py", line 1113, in process_bundle
    input_op_by_transform_id[element.transform_id].process_encoded(
  File "/Users/anikbhowmick/Python/Big_Data_Assignment/A02/airflow_env/lib/python3.11/site-packages/apache_beam/runners/worker/bundle_processor.py", line 237, in process_encoded
    self.output(decoded_value)
  File "apache_beam/runners/worker/operations.py", line 570, in apache_beam.runners.worker.operations.Operation.output
  File "apache_beam/runners/worker/operations.py", line 572, in apache_beam.runners.worker.operations.Operation.output
  File "apache_beam/runners/worker/operations.py", line 263, in apache_beam.runners.worker.operations.SingletonElementConsumerSet.receive
  File "apache_beam/runners/worker/operations.py", line 266, in apache_beam.runners.worker.operations.SingletonElementConsumerSet.receive
  File "apache_beam/runners/worker/operations.py", line 953, in apache_beam.runners.worker.operations.DoOperation.process
  File "apache_beam/runners/worker/operations.py", line 954, in apache_beam.runners.worker.operations.DoOperation.process
  File "apache_beam/runners/common.py", line 1437, in apache_beam.runners.common.DoFnRunner.process
  File "apache_beam/runners/common.py", line 1526, in apache_beam.runners.common.DoFnRunner._reraise_augmented
  File "apache_beam/runners/common.py", line 1435, in apache_beam.runners.common.DoFnRunner.process
  File "apache_beam/runners/common.py", line 636, in apache_beam.runners.common.SimpleInvoker.invoke_process
  File "apache_beam/runners/common.py", line 1621, in apache_beam.runners.common._OutputHandler.handle_process_outputs
  File "apache_beam/runners/common.py", line 1734, in apache_beam.runners.common._OutputHandler._write_value_to_tag
  File "apache_beam/runners/worker/operations.py", line 266, in apache_beam.runners.worker.operations.SingletonElementConsumerSet.receive
  File "apache_beam/runners/worker/operations.py", line 953, in apache_beam.runners.worker.operations.DoOperation.process
  File "apache_beam/runners/worker/operations.py", line 954, in apache_beam.runners.worker.operations.DoOperation.process
  File "apache_beam/runners/common.py", line 1437, in apache_beam.runners.common.DoFnRunner.process
  File "apache_beam/runners/common.py", line 1526, in apache_beam.runners.common.DoFnRunner._reraise_augmented
  File "apache_beam/runners/common.py", line 1435, in apache_beam.runners.common.DoFnRunner.process
  File "apache_beam/runners/common.py", line 636, in apache_beam.runners.common.SimpleInvoker.invoke_process
  File "apache_beam/runners/common.py", line 1621, in apache_beam.runners.common._OutputHandler.handle_process_outputs
  File "apache_beam/runners/common.py", line 1734, in apache_beam.runners.common._OutputHandler._write_value_to_tag
  File "apache_beam/runners/worker/operations.py", line 266, in apache_beam.runners.worker.operations.SingletonElementConsumerSet.receive
  File "apache_beam/runners/worker/operations.py", line 953, in apache_beam.runners.worker.operations.DoOperation.process
  File "apache_beam/runners/worker/operations.py", line 954, in apache_beam.runners.worker.operations.DoOperation.process
  File "apache_beam/runners/common.py", line 1437, in apache_beam.runners.common.DoFnRunner.process
  File "apache_beam/runners/common.py", line 1526, in apache_beam.runners.common.DoFnRunner._reraise_augmented
  File "apache_beam/runners/common.py", line 1435, in apache_beam.runners.common.DoFnRunner.process
  File "apache_beam/runners/common.py", line 636, in apache_beam.runners.common.SimpleInvoker.invoke_process
  File "apache_beam/runners/common.py", line 1621, in apache_beam.runners.common._OutputHandler.handle_process_outputs
  File "apache_beam/runners/common.py", line 1734, in apache_beam.runners.common._OutputHandler._write_value_to_tag
  File "apache_beam/runners/worker/operations.py", line 266, in apache_beam.runners.worker.operations.SingletonElementConsumerSet.receive
  File "apache_beam/runners/worker/operations.py", line 953, in apache_beam.runners.worker.operations.DoOperation.process
  File "apache_beam/runners/worker/operations.py", line 954, in apache_beam.runners.worker.operations.DoOperation.process
  File "apache_beam/runners/common.py", line 1437, in apache_beam.runners.common.DoFnRunner.process
  File "apache_beam/runners/common.py", line 1526, in apache_beam.runners.common.DoFnRunner._reraise_augmented
  File "apache_beam/runners/common.py", line 1435, in apache_beam.runners.common.DoFnRunner.process
  File "apache_beam/runners/common.py", line 636, in apache_beam.runners.common.SimpleInvoker.invoke_process
  File "apache_beam/runners/common.py", line 1621, in apache_beam.runners.common._OutputHandler.handle_process_outputs
  File "apache_beam/runners/common.py", line 1734, in apache_beam.runners.common._OutputHandler._write_value_to_tag
  File "apache_beam/runners/worker/operations.py", line 266, in apache_beam.runners.worker.operations.SingletonElementConsumerSet.receive
  File "apache_beam/runners/worker/operations.py", line 953, in apache_beam.runners.worker.operations.DoOperation.process
  File "apache_beam/runners/worker/operations.py", line 954, in apache_beam.runners.worker.operations.DoOperation.process
  File "apache_beam/runners/common.py", line 1437, in apache_beam.runners.common.DoFnRunner.process
  File "apache_beam/runners/common.py", line 1547, in apache_beam.runners.common.DoFnRunner._reraise_augmented
  File "apache_beam/runners/common.py", line 1435, in apache_beam.runners.common.DoFnRunner.process
  File "apache_beam/runners/common.py", line 637, in apache_beam.runners.common.SimpleInvoker.invoke_process
  File "/Users/anikbhowmick/Python/Big_Data_Assignment/A02/airflow_env/lib/python3.11/site-packages/apache_beam/transforms/core.py", line 1963, in <lambda>
    wrapper = lambda x: [fn(x)]
                         ^^^^^
  File "/Users/anikbhowmick/Python/Big_Data_Assignment/A02/airflow_env/airflow/dags/Data_analysis.py", line 81, in <lambda>
    | 'Mean' >> beam.Map(lambda file: file[1].groupby('DATE').mean())
                                      ^^^^^^^^^^^^^^^^^^^^^^^^^^^^^^
  File "/Users/anikbhowmick/Python/Big_Data_Assignment/A02/airflow_env/lib/python3.11/site-packages/pandas/core/groupby/groupby.py", line 2452, in mean
    result = self._cython_agg_general(
             ^^^^^^^^^^^^^^^^^^^^^^^^^
  File "/Users/anikbhowmick/Python/Big_Data_Assignment/A02/airflow_env/lib/python3.11/site-packages/pandas/core/groupby/groupby.py", line 1998, in _cython_agg_general
    new_mgr = data.grouped_reduce(array_func)
              ^^^^^^^^^^^^^^^^^^^^^^^^^^^^^^^
  File "/Users/anikbhowmick/Python/Big_Data_Assignment/A02/airflow_env/lib/python3.11/site-packages/pandas/core/internals/managers.py", line 1469, in grouped_reduce
    applied = sb.apply(func)
              ^^^^^^^^^^^^^^
  File "/Users/anikbhowmick/Python/Big_Data_Assignment/A02/airflow_env/lib/python3.11/site-packages/pandas/core/internals/blocks.py", line 393, in apply
    result = func(self.values, **kwargs)
             ^^^^^^^^^^^^^^^^^^^^^^^^^^^
  File "/Users/anikbhowmick/Python/Big_Data_Assignment/A02/airflow_env/lib/python3.11/site-packages/pandas/core/groupby/groupby.py", line 1995, in array_func
    result = self._agg_py_fallback(how, values, ndim=data.ndim, alt=alt)
             ^^^^^^^^^^^^^^^^^^^^^^^^^^^^^^^^^^^^^^^^^^^^^^^^^^^^^^^^^^^
  File "/Users/anikbhowmick/Python/Big_Data_Assignment/A02/airflow_env/lib/python3.11/site-packages/pandas/core/groupby/groupby.py", line 1946, in _agg_py_fallback
    raise type(err)(msg) from err
TypeError: agg function failed [how->mean,dtype->object] [while running 'Mean']
[2024-03-03T03:04:42.719+0530] {taskinstance.py:1149} INFO - Marking task as FAILED. dag_id=weather_data_pipeline, task_id=compute_averages, execution_date=20240302T192410, start_date=20240302T213442, end_date=20240302T213442
[2024-03-03T03:04:42.723+0530] {standard_task_runner.py:107} ERROR - Failed to execute job 410 for task compute_averages (agg function failed [how->mean,dtype->object] [while running 'Mean']; 37456)
[2024-03-03T03:04:42.733+0530] {local_task_job_runner.py:234} INFO - Task exited with return code 1
[2024-03-03T03:04:42.739+0530] {taskinstance.py:3309} INFO - 0 downstream tasks scheduled from follow-on schedule check
