[2024-03-03T00:09:07.800+0530] {taskinstance.py:1979} INFO - Dependencies all met for dep_context=non-requeueable deps ti=<TaskInstance: weather_data_pipeline.extract_and_filter_data manual__2024-03-02T18:11:44.984057+00:00 [queued]>
[2024-03-03T00:09:07.803+0530] {taskinstance.py:1979} INFO - Dependencies all met for dep_context=requeueable deps ti=<TaskInstance: weather_data_pipeline.extract_and_filter_data manual__2024-03-02T18:11:44.984057+00:00 [queued]>
[2024-03-03T00:09:07.804+0530] {taskinstance.py:2193} INFO - Starting attempt 4 of 5
[2024-03-03T00:09:07.808+0530] {taskinstance.py:2214} INFO - Executing <Task(PythonOperator): extract_and_filter_data> on 2024-03-02 18:11:44.984057+00:00
[2024-03-03T00:09:07.812+0530] {standard_task_runner.py:60} INFO - Started process 25752 to run task
[2024-03-03T00:09:07.815+0530] {standard_task_runner.py:87} INFO - Running: ['airflow', 'tasks', 'run', 'weather_data_pipeline', 'extract_and_filter_data', 'manual__2024-03-02T18:11:44.984057+00:00', '--job-id', '242', '--raw', '--subdir', 'DAGS_FOLDER/Data_analysis.py', '--cfg-path', '/var/folders/th/tnjyp6yd1cj78nysn5t4jl6h0000gn/T/tmpfk803678']
[2024-03-03T00:09:07.816+0530] {standard_task_runner.py:88} INFO - Job 242: Subtask extract_and_filter_data
[2024-03-03T00:09:07.834+0530] {task_command.py:423} INFO - Running <TaskInstance: weather_data_pipeline.extract_and_filter_data manual__2024-03-02T18:11:44.984057+00:00 [running]> on host aniks-macbook-air.local
[2024-03-03T00:09:07.851+0530] {taskinstance.py:2510} INFO - Exporting env vars: AIRFLOW_CTX_DAG_OWNER='airflow' AIRFLOW_CTX_DAG_ID='weather_data_pipeline' AIRFLOW_CTX_TASK_ID='extract_and_filter_data' AIRFLOW_CTX_EXECUTION_DATE='2024-03-02T18:11:44.984057+00:00' AIRFLOW_CTX_TRY_NUMBER='4' AIRFLOW_CTX_DAG_RUN_ID='manual__2024-03-02T18:11:44.984057+00:00'
[2024-03-03T00:09:07.852+0530] {pipeline.py:196} INFO - Missing pipeline option (runner). Executing pipeline using the default runner: DirectRunner.
[2024-03-03T00:09:07.945+0530] {translations.py:712} INFO - ==================== <function annotate_downstream_side_inputs at 0x12668a700> ====================
[2024-03-03T00:09:07.945+0530] {translations.py:712} INFO - ==================== <function fix_side_input_pcoll_coders at 0x12668a840> ====================
[2024-03-03T00:09:07.945+0530] {translations.py:712} INFO - ==================== <function pack_combiners at 0x12668ade0> ====================
[2024-03-03T00:09:07.946+0530] {translations.py:712} INFO - ==================== <function lift_combiners at 0x12668ae80> ====================
[2024-03-03T00:09:07.946+0530] {translations.py:712} INFO - ==================== <function expand_sdf at 0x12668b060> ====================
[2024-03-03T00:09:07.946+0530] {translations.py:712} INFO - ==================== <function expand_gbk at 0x12668b100> ====================
[2024-03-03T00:09:07.946+0530] {translations.py:712} INFO - ==================== <function sink_flattens at 0x12668b240> ====================
[2024-03-03T00:09:07.946+0530] {translations.py:712} INFO - ==================== <function greedily_fuse at 0x12668b2e0> ====================
[2024-03-03T00:09:07.946+0530] {translations.py:712} INFO - ==================== <function read_to_impulse at 0x12668b380> ====================
[2024-03-03T00:09:07.946+0530] {translations.py:712} INFO - ==================== <function impulse_to_input at 0x12668b420> ====================
[2024-03-03T00:09:07.946+0530] {translations.py:712} INFO - ==================== <function sort_stages at 0x12668b6a0> ====================
[2024-03-03T00:09:07.947+0530] {translations.py:712} INFO - ==================== <function add_impulse_to_dangling_transforms at 0x12668b7e0> ====================
[2024-03-03T00:09:07.947+0530] {translations.py:712} INFO - ==================== <function setup_timer_mapping at 0x12668b600> ====================
[2024-03-03T00:09:07.947+0530] {translations.py:712} INFO - ==================== <function populate_data_channel_coders at 0x12668b740> ====================
[2024-03-03T00:09:07.948+0530] {statecache.py:234} INFO - Creating state cache with size 104857600
[2024-03-03T00:09:07.948+0530] {worker_handlers.py:922} INFO - Created Worker handler <apache_beam.runners.portability.fn_api_runner.worker_handlers.EmbeddedWorkerHandler object at 0x126758410> for environment ref_Environment_default_environment_1 (beam:env:embedded_python:v1, b'')
[2024-03-03T00:09:08.322+0530] {python.py:202} INFO - Done. Returned value was: PCollection[Map(<lambda at Data_analysis.py:63>).None]
[2024-03-03T00:09:08.324+0530] {xcom.py:664} ERROR - Object of type PCollection is not JSON serializable. If you are using pickle instead of JSON for XCom, then you need to enable pickle support for XCom in your airflow config or make sure to decorate your object with attr.
[2024-03-03T00:09:08.325+0530] {taskinstance.py:2728} ERROR - Task failed with exception
Traceback (most recent call last):
  File "/Users/anikbhowmick/Python/Big_Data_Assignment/A02/airflow_env/lib/python3.11/site-packages/airflow/utils/json.py", line 91, in default
    return serialize(o)
           ^^^^^^^^^^^^
  File "/Users/anikbhowmick/Python/Big_Data_Assignment/A02/airflow_env/lib/python3.11/site-packages/airflow/serialization/serde.py", line 189, in serialize
    raise TypeError(f"cannot serialize object of type {cls}")
TypeError: cannot serialize object of type <class 'apache_beam.pvalue.PCollection'>

During handling of the above exception, another exception occurred:

Traceback (most recent call last):
  File "/Users/anikbhowmick/Python/Big_Data_Assignment/A02/airflow_env/lib/python3.11/site-packages/airflow/models/taskinstance.py", line 451, in _execute_task
    task_instance.xcom_push(key=XCOM_RETURN_KEY, value=xcom_value, session=session)
  File "/Users/anikbhowmick/Python/Big_Data_Assignment/A02/airflow_env/lib/python3.11/site-packages/airflow/utils/session.py", line 76, in wrapper
    return func(*args, **kwargs)
           ^^^^^^^^^^^^^^^^^^^^^
  File "/Users/anikbhowmick/Python/Big_Data_Assignment/A02/airflow_env/lib/python3.11/site-packages/airflow/models/taskinstance.py", line 3010, in xcom_push
    XCom.set(
  File "/Users/anikbhowmick/Python/Big_Data_Assignment/A02/airflow_env/lib/python3.11/site-packages/airflow/utils/session.py", line 76, in wrapper
    return func(*args, **kwargs)
           ^^^^^^^^^^^^^^^^^^^^^
  File "/Users/anikbhowmick/Python/Big_Data_Assignment/A02/airflow_env/lib/python3.11/site-packages/airflow/models/xcom.py", line 247, in set
    value = cls.serialize_value(
            ^^^^^^^^^^^^^^^^^^^^
  File "/Users/anikbhowmick/Python/Big_Data_Assignment/A02/airflow_env/lib/python3.11/site-packages/airflow/models/xcom.py", line 662, in serialize_value
    return json.dumps(value, cls=XComEncoder).encode("UTF-8")
           ^^^^^^^^^^^^^^^^^^^^^^^^^^^^^^^^^^
  File "/Library/Frameworks/Python.framework/Versions/3.11/lib/python3.11/json/__init__.py", line 238, in dumps
    **kw).encode(obj)
          ^^^^^^^^^^^
  File "/Users/anikbhowmick/Python/Big_Data_Assignment/A02/airflow_env/lib/python3.11/site-packages/airflow/utils/json.py", line 104, in encode
    return super().encode(o)
           ^^^^^^^^^^^^^^^^^
  File "/Library/Frameworks/Python.framework/Versions/3.11/lib/python3.11/json/encoder.py", line 200, in encode
    chunks = self.iterencode(o, _one_shot=True)
             ^^^^^^^^^^^^^^^^^^^^^^^^^^^^^^^^^^
  File "/Library/Frameworks/Python.framework/Versions/3.11/lib/python3.11/json/encoder.py", line 258, in iterencode
    return _iterencode(o, 0)
           ^^^^^^^^^^^^^^^^^
  File "/Users/anikbhowmick/Python/Big_Data_Assignment/A02/airflow_env/lib/python3.11/site-packages/airflow/utils/json.py", line 93, in default
    return super().default(o)
           ^^^^^^^^^^^^^^^^^^
  File "/Library/Frameworks/Python.framework/Versions/3.11/lib/python3.11/json/encoder.py", line 180, in default
    raise TypeError(f'Object of type {o.__class__.__name__} '
TypeError: Object of type PCollection is not JSON serializable
[2024-03-03T00:09:08.328+0530] {taskinstance.py:1149} INFO - Marking task as UP_FOR_RETRY. dag_id=weather_data_pipeline, task_id=extract_and_filter_data, execution_date=20240302T181144, start_date=20240302T183907, end_date=20240302T183908
[2024-03-03T00:09:08.331+0530] {standard_task_runner.py:107} ERROR - Failed to execute job 242 for task extract_and_filter_data (Object of type PCollection is not JSON serializable; 25752)
[2024-03-03T00:09:08.366+0530] {local_task_job_runner.py:234} INFO - Task exited with return code 1
[2024-03-03T00:09:08.373+0530] {taskinstance.py:3309} INFO - 0 downstream tasks scheduled from follow-on schedule check
